<?xml version="1.0" encoding="UTF-8"?>
<!-- Generated by org.testng.reporters.JUnitXMLReporter -->
<testsuite hostname="DESKTOP-IUIGTE3" ignored="0" name="Test" tests="1" failures="0" timestamp="2021-04-17T21:49:55 IST" time="6.234" errors="0">
  <testcase name="@BeforeMethod loginToKite" time="0.028" classname="automationProject.Kite_ProjectTest">
    <failure type="java.io.IOException" message="Your InputStream was neither an OLE2 stream, nor an OOXML stream or you haven&amp;apos;t provide the poi-ooxml*.jar in the classpath/modulepath - FileMagic: OOXML, having providers: [org.apache.poi.hssf.usermodel.HSSFWorkbookFactory@119cbf96]">
      <![CDATA[java.io.IOException: Your InputStream was neither an OLE2 stream, nor an OOXML stream or you haven't provide the poi-ooxml*.jar in the classpath/modulepath - FileMagic: OOXML, having providers: [org.apache.poi.hssf.usermodel.HSSFWorkbookFactory@119cbf96]
at org.apache.poi.ss.usermodel.WorkbookFactory.wp(WorkbookFactory.java:300)
at org.apache.poi.ss.usermodel.WorkbookFactory.create(WorkbookFactory.java:199)
at org.apache.poi.ss.usermodel.WorkbookFactory.create(WorkbookFactory.java:163)
at automationProject.Utility.Test_Data(Utility.java:22)
at automationProject.Kite_ProjectTest.loginToKite(Kite_ProjectTest.java:38)
at java.util.ArrayList.forEach(Unknown Source)
... Removed 31 stack frames]]>
    </failure>
  </testcase> <!-- @BeforeMethod loginToKite -->
  <testcase name="@AfterMethod logoutPage" time="-1.618676395886E9" classname="automationProject.Kite_ProjectTest">
    <skipped/>
  </testcase> <!-- @AfterMethod logoutPage -->
  <testcase name="@AfterClass closeBrowser" time="-1.618676395889E9" classname="automationProject.Kite_ProjectTest">
    <skipped/>
  </testcase> <!-- @AfterClass closeBrowser -->
  <testcase name="verifyProfile_Name" time="0.0" classname="automationProject.Kite_ProjectTest">
    <skipped/>
  </testcase> <!-- verifyProfile_Name -->
</testsuite> <!-- Test -->
