<?xml version="1.0" encoding="UTF-8"?>
<!-- Generated by org.testng.reporters.JUnitXMLReporter -->
<testsuite hostname="DESKTOP-IUIGTE3" ignored="0" name="Test1" tests="1" failures="1" timestamp="2021-06-05T16:54:46 IST" time="4.659" errors="0">
  <testcase name="TC1" time="4.585" classname="practice.ParallelTest1">
    <failure type="org.openqa.selenium.SessionNotCreatedException" message="session not created: This version of ChromeDriver only supports Chrome version 88
Current browser version is 91.0.4472.77 with binary path C:\Program Files (x86)\Google\Chrome\Application\chrome.exe
Build info: version: &amp;apos;3.141.59&amp;apos;, revision: &amp;apos;e82be7d358&amp;apos;, time: &amp;apos;2018-11-14T08:25:53&amp;apos;
System info: host: &amp;apos;DESKTOP-IUIGTE3&amp;apos;, ip: &amp;apos;192.168.137.1&amp;apos;, os.name: &amp;apos;Windows 10&amp;apos;, os.arch: &amp;apos;amd64&amp;apos;, os.version: &amp;apos;10.0&amp;apos;, java.version: &amp;apos;1.8.0_271&amp;apos;
Driver info: driver.version: ChromeDriver
remote stacktrace: Backtrace:
	GetHandleVerifier [0x00EAB963+483]
	GetHandleVerifier [0x00EAB941+449]
	GetHandleVerifier [0x01253308+3832712]
	GetHandleVerifier [0x0126D69A+3940122]
	GetHandleVerifier [0x01269AFB+3924859]
	GetHandleVerifier [0x01267D9C+3917340]
	GetHandleVerifier [0x0128E7FE+4075646]
	GetHandleVerifier [0x0128E56C+4074988]
	GetHandleVerifier [0x0128B2EB+4062059]
	GetHandleVerifier [0x0126ED14+3945876]
	GetHandleVerifier [0x0126FBCE+3949646]
	GetHandleVerifier [0x0126FB59+3949529]
	Ordinal0 [0x00E6B5CC+46540]
	Ordinal0 [0x00E69F53+40787]
	Ordinal0 [0x00E69B12+39698]
	GetHandleVerifier [0x01171468+2907368]
	GetHandleVerifier [0x00FB71EE+1096302]
	GetHandleVerifier [0x00F73E8D+821005]
	GetHandleVerifier [0x00F7396B+819691]
	GetHandleVerifier [0x00F73881+819457]
	GetHandleVerifier [0x00F9F463+998627]
	BaseThreadInitThunk [0x75406359+25]
	RtlGetAppContainerNamedObjectPath [0x771B87A4+228]
	RtlGetAppContainerNamedObjectPath [0x771B8774+180]
">
      <![CDATA[org.openqa.selenium.SessionNotCreatedException: session not created: This version of ChromeDriver only supports Chrome version 88
Current browser version is 91.0.4472.77 with binary path C:\Program Files (x86)\Google\Chrome\Application\chrome.exe
Build info: version: '3.141.59', revision: 'e82be7d358', time: '2018-11-14T08:25:53'
System info: host: 'DESKTOP-IUIGTE3', ip: '192.168.137.1', os.name: 'Windows 10', os.arch: 'amd64', os.version: '10.0', java.version: '1.8.0_271'
Driver info: driver.version: ChromeDriver
remote stacktrace: Backtrace:
GetHandleVerifier [0x00EAB963+483]
GetHandleVerifier [0x00EAB941+449]
GetHandleVerifier [0x01253308+3832712]
GetHandleVerifier [0x0126D69A+3940122]
GetHandleVerifier [0x01269AFB+3924859]
GetHandleVerifier [0x01267D9C+3917340]
GetHandleVerifier [0x0128E7FE+4075646]
GetHandleVerifier [0x0128E56C+4074988]
GetHandleVerifier [0x0128B2EB+4062059]
GetHandleVerifier [0x0126ED14+3945876]
GetHandleVerifier [0x0126FBCE+3949646]
GetHandleVerifier [0x0126FB59+3949529]
Ordinal0 [0x00E6B5CC+46540]
Ordinal0 [0x00E69F53+40787]
Ordinal0 [0x00E69B12+39698]
GetHandleVerifier [0x01171468+2907368]
GetHandleVerifier [0x00FB71EE+1096302]
GetHandleVerifier [0x00F73E8D+821005]
GetHandleVerifier [0x00F7396B+819691]
GetHandleVerifier [0x00F73881+819457]
GetHandleVerifier [0x00F9F463+998627]
BaseThreadInitThunk [0x75406359+25]
RtlGetAppContainerNamedObjectPath [0x771B87A4+228]
RtlGetAppContainerNamedObjectPath [0x771B8774+180]

at org.openqa.selenium.remote.W3CHandshakeResponse.lambda$errorHandler$0(W3CHandshakeResponse.java:62)
at org.openqa.selenium.remote.HandshakeResponse.lambda$getResponseFunction$0(HandshakeResponse.java:30)
at org.openqa.selenium.remote.ProtocolHandshake.lambda$createSession$0(ProtocolHandshake.java:126)
at java.util.stream.ReferencePipeline$3$1.accept(Unknown Source)
at java.util.Spliterators$ArraySpliterator.tryAdvance(Unknown Source)
at java.util.stream.ReferencePipeline.forEachWithCancel(Unknown Source)
at java.util.stream.AbstractPipeline.copyIntoWithCancel(Unknown Source)
at java.util.stream.AbstractPipeline.copyInto(Unknown Source)
at java.util.stream.AbstractPipeline.wrapAndCopyInto(Unknown Source)
at java.util.stream.FindOps$FindOp.evaluateSequential(Unknown Source)
at java.util.stream.AbstractPipeline.evaluate(Unknown Source)
at java.util.stream.ReferencePipeline.findFirst(Unknown Source)
at org.openqa.selenium.remote.ProtocolHandshake.createSession(ProtocolHandshake.java:128)
at org.openqa.selenium.remote.ProtocolHandshake.createSession(ProtocolHandshake.java:74)
at org.openqa.selenium.remote.HttpCommandExecutor.execute(HttpCommandExecutor.java:136)
at org.openqa.selenium.remote.service.DriverCommandExecutor.execute(DriverCommandExecutor.java:83)
at org.openqa.selenium.remote.RemoteWebDriver.execute(RemoteWebDriver.java:552)
at org.openqa.selenium.remote.RemoteWebDriver.startSession(RemoteWebDriver.java:213)
at org.openqa.selenium.remote.RemoteWebDriver.<init>(RemoteWebDriver.java:131)
at org.openqa.selenium.chrome.ChromeDriver.<init>(ChromeDriver.java:181)
at org.openqa.selenium.chrome.ChromeDriver.<init>(ChromeDriver.java:168)
at org.openqa.selenium.chrome.ChromeDriver.<init>(ChromeDriver.java:123)
at practice.ParallelTest1.TC1(ParallelTest1.java:13)
at java.util.ArrayList.forEach(Unknown Source)
at java.util.concurrent.FutureTask.run(Unknown Source)
at java.util.concurrent.ThreadPoolExecutor.runWorker(Unknown Source)
at java.util.concurrent.ThreadPoolExecutor$Worker.run(Unknown Source)
at java.lang.Thread.run(Unknown Source)
... Removed 22 stack frames]]>
    </failure>
  </testcase> <!-- TC1 -->
</testsuite> <!-- Test1 -->
