<?xml version="1.0" encoding="UTF-8"?>
<testng-results skipped="0" failed="0" ignored="0" total="2" passed="2">
  <reporter-output>
    <line>
      <![CDATA[inside the sales tab method]]>
    </line>
  </reporter-output>
  <suite name="Default suite" duration-ms="62996" started-at="2021-09-14T09:32:52 IST" finished-at="2021-09-14T09:33:55 IST">
    <groups>
    </groups>
    <test name="Default test" duration-ms="62996" started-at="2021-09-14T09:32:52 IST" finished-at="2021-09-14T09:33:55 IST">
      <class name="TestClassesAdminDemo.AdminDemoTestCase1">
        <test-method status="PASS" signature="OpenBroser()[pri:0, instance:TestClassesAdminDemo.AdminDemoTestCase1@46daef40]" name="OpenBroser" is-config="true" duration-ms="9522" started-at="2021-09-14T09:32:52 IST" finished-at="2021-09-14T09:33:02 IST">
          <reporter-output>
          </reporter-output>
        </test-method> <!-- OpenBroser -->
        <test-method status="PASS" signature="loginToAdminDemo()[pri:0, instance:TestClassesAdminDemo.AdminDemoTestCase1@46daef40]" name="loginToAdminDemo" is-config="true" duration-ms="8199" started-at="2021-09-14T09:33:02 IST" finished-at="2021-09-14T09:33:10 IST">
          <reporter-output>
          </reporter-output>
        </test-method> <!-- loginToAdminDemo -->
        <test-method status="PASS" signature="printTabledata()[pri:0, instance:TestClassesAdminDemo.AdminDemoTestCase1@46daef40]" name="printTabledata" duration-ms="18031" started-at="2021-09-14T09:33:10 IST" finished-at="2021-09-14T09:33:28 IST">
          <reporter-output>
          </reporter-output>
        </test-method> <!-- printTabledata -->
        <test-method status="PASS" signature="logout()[pri:0, instance:TestClassesAdminDemo.AdminDemoTestCase1@46daef40]" name="logout" is-config="true" duration-ms="5415" started-at="2021-09-14T09:33:28 IST" finished-at="2021-09-14T09:33:34 IST">
          <reporter-output>
          </reporter-output>
        </test-method> <!-- logout -->
        <test-method status="PASS" signature="loginToAdminDemo()[pri:0, instance:TestClassesAdminDemo.AdminDemoTestCase1@46daef40]" name="loginToAdminDemo" is-config="true" duration-ms="2424" started-at="2021-09-14T09:33:34 IST" finished-at="2021-09-14T09:33:36 IST">
          <reporter-output>
          </reporter-output>
        </test-method> <!-- loginToAdminDemo -->
        <test-method status="PASS" signature="verifyPendingOrders()[pri:0, instance:TestClassesAdminDemo.AdminDemoTestCase1@46daef40]" name="verifyPendingOrders" duration-ms="11567" started-at="2021-09-14T09:33:36 IST" finished-at="2021-09-14T09:33:48 IST">
          <reporter-output>
            <line>
              <![CDATA[inside the sales tab method]]>
            </line>
          </reporter-output>
        </test-method> <!-- verifyPendingOrders -->
        <test-method status="PASS" signature="logout()[pri:0, instance:TestClassesAdminDemo.AdminDemoTestCase1@46daef40]" name="logout" is-config="true" duration-ms="5495" started-at="2021-09-14T09:33:48 IST" finished-at="2021-09-14T09:33:53 IST">
          <reporter-output>
          </reporter-output>
        </test-method> <!-- logout -->
        <test-method status="PASS" signature="application()[pri:0, instance:TestClassesAdminDemo.AdminDemoTestCase1@46daef40]" name="application" is-config="true" duration-ms="2216" started-at="2021-09-14T09:33:53 IST" finished-at="2021-09-14T09:33:55 IST">
          <reporter-output>
          </reporter-output>
        </test-method> <!-- application -->
      </class> <!-- TestClassesAdminDemo.AdminDemoTestCase1 -->
    </test> <!-- Default test -->
  </suite> <!-- Default suite -->
</testng-results>
