<?xml version="1.0" encoding="UTF-8"?>
<testng-results skipped="0" failed="0" ignored="0" total="1" passed="1">
  <reporter-output>
  </reporter-output>
  <suite name="Default suite" duration-ms="9518" started-at="2021-05-01T00:36:50 IST" finished-at="2021-05-01T00:37:00 IST">
    <groups>
    </groups>
    <test name="Default test" duration-ms="9518" started-at="2021-05-01T00:36:50 IST" finished-at="2021-05-01T00:37:00 IST">
      <class name="automationProject.kiteTestProperties">
        <test-method status="PASS" signature="Open_Browser_1()[pri:0, instance:automationProject.kiteTestProperties@25af5db5]" name="Open_Browser_1" is-config="true" duration-ms="5860" started-at="2021-05-01T00:36:51 IST" finished-at="2021-05-01T00:36:56 IST">
          <reporter-output>
          </reporter-output>
        </test-method> <!-- Open_Browser_1 -->
        <test-method status="PASS" signature="loginToKite()[pri:0, instance:automationProject.kiteTestProperties@25af5db5]" name="loginToKite" is-config="true" duration-ms="2333" started-at="2021-05-01T00:36:56 IST" finished-at="2021-05-01T00:36:59 IST">
          <reporter-output>
          </reporter-output>
        </test-method> <!-- loginToKite -->
        <test-method status="PASS" signature="verifyProfile_Name()[pri:0, instance:automationProject.kiteTestProperties@25af5db5]" name="verifyProfile_Name" duration-ms="86" started-at="2021-05-01T00:36:59 IST" finished-at="2021-05-01T00:36:59 IST">
          <reporter-output>
          </reporter-output>
        </test-method> <!-- verifyProfile_Name -->
        <test-method status="PASS" signature="logoutPage(org.testng.ITestResult)[pri:0, instance:automationProject.kiteTestProperties@25af5db5]" name="logoutPage" is-config="true" duration-ms="917" started-at="2021-05-01T00:36:59 IST" finished-at="2021-05-01T00:37:00 IST">
          <params>
            <param index="0">
              <value>
                <![CDATA[[TestResult name=verifyProfile_Name status=SUCCESS method=kiteTestProperties.verifyProfile_Name()[pri:0, instance:automationProject.kiteTestProperties@25af5db5] output={null}]]]>
              </value>
            </param>
          </params>
          <reporter-output>
          </reporter-output>
        </test-method> <!-- logoutPage -->
        <test-method status="PASS" signature="closeBrowser()[pri:0, instance:automationProject.kiteTestProperties@25af5db5]" name="closeBrowser" is-config="true" duration-ms="233" started-at="2021-05-01T00:37:00 IST" finished-at="2021-05-01T00:37:00 IST">
          <reporter-output>
          </reporter-output>
        </test-method> <!-- closeBrowser -->
      </class> <!-- automationProject.kiteTestProperties -->
    </test> <!-- Default test -->
  </suite> <!-- Default suite -->
</testng-results>
