<?xml version="1.0" encoding="UTF-8"?>
<!-- Generated by org.testng.reporters.JUnitXMLReporter -->
<testsuite hostname="DESKTOP-IUIGTE3" ignored="2" name="Default test(failed)(failed)" tests="1" failures="0" timestamp="2021-05-22T23:17:05 IST" time="0.061" errors="0">
  <testcase name="TC2" time="0.011" classname="demo_1.FailedTestCasesExecution"/>
  <testcase name="TC3" time="0.0" classname="demo_1.FailedTestCasesExecution">
    <ignored/>
  </testcase> <!-- TC3 -->
  <testcase name="TC1" time="0.0" classname="demo_1.FailedTestCasesExecution">
    <ignored/>
  </testcase> <!-- TC1 -->
</testsuite> <!-- Default test(failed)(failed) -->
