<?xml version="1.0" encoding="UTF-8"?>
<!-- Generated by org.testng.reporters.JUnitXMLReporter -->
<testsuite hostname="DESKTOP-IUIGTE3" ignored="4" name="Test(failed)" tests="3" failures="0" timestamp="2021-04-14T13:09:27 IST" time="0.087" errors="0">
  <testcase name="TC1" time="0.013" classname="practice.DemoClassOfSuite"/>
  <testcase name="Tc2" time="0.0" classname="practice.Sample_1"/>
  <testcase name="Tc3" time="0.0" classname="practice.Sample_2"/>
  <testcase name="TC5" time="0.0" classname="practice.Sample_1">
    <ignored/>
  </testcase> <!-- TC5 -->
  <testcase name="Tc1" time="0.0" classname="practice.Sample_1">
    <ignored/>
  </testcase> <!-- Tc1 -->
  <testcase name="Tc4" time="0.0" classname="practice.Sample_2">
    <ignored/>
  </testcase> <!-- Tc4 -->
  <testcase name="TC2" time="0.0" classname="practice.DemoClassOfSuite">
    <ignored/>
  </testcase> <!-- TC2 -->
</testsuite> <!-- Test(failed) -->
