<?xml version="1.0" encoding="UTF-8"?>
<!-- Generated by org.testng.reporters.JUnitXMLReporter -->
<testsuite hostname="DESKTOP-IUIGTE3" ignored="5" name="Test" tests="3" failures="0" timestamp="2021-04-14T13:32:41 IST" time="0.14" errors="0">
  <testcase name="TC2" time="0.024" classname="practice.Grouping1"/>
  <testcase name="TC4" time="0.008" classname="practice.Grouping1"/>
  <testcase name="TC4" time="0.01" classname="practice.Grouping2"/>
  <testcase name="TC1" time="0.0" classname="practice.Grouping1">
    <ignored/>
  </testcase> <!-- TC1 -->
  <testcase name="TC3" time="0.0" classname="practice.Grouping2">
    <ignored/>
  </testcase> <!-- TC3 -->
  <testcase name="TC1" time="0.0" classname="practice.Grouping2">
    <ignored/>
  </testcase> <!-- TC1 -->
  <testcase name="TC3" time="0.0" classname="practice.Grouping1">
    <ignored/>
  </testcase> <!-- TC3 -->
  <testcase name="TC2" time="0.0" classname="practice.Grouping2">
    <ignored/>
  </testcase> <!-- TC2 -->
</testsuite> <!-- Test -->
